\BOOKMARK [0][-]{chapter*.1}{Abstract}{}% 1
\BOOKMARK [1][-]{section.0.1}{Abstract}{chapter*.1}% 2
\BOOKMARK [0][-]{chapter*.2}{Acknowledgements}{}% 3
\BOOKMARK [0][-]{chapter*.2}{Table des mati\350res}{}% 4
\BOOKMARK [0][-]{chapter*.3}{Table des figures}{}% 5
\BOOKMARK [0][-]{chapter*.4}{Liste des tableaux}{}% 6
\BOOKMARK [0][-]{chapter.1}{Introduction}{}% 7
\BOOKMARK [1][-]{section.1.1}{Studies on Solar Neutrinos: History and Current Status}{chapter.1}% 8
\BOOKMARK [0][-]{chapter.2}{Neutrino physics}{}% 9
\BOOKMARK [1][-]{section.2.1}{Neutrino Flavor Transformation and Oscillation}{chapter.2}% 10
\BOOKMARK [2][-]{subsection.2.1.1}{Matter Effect}{section.2.1}% 11
\BOOKMARK [1][-]{section.2.2}{Majorana Neutrino}{chapter.2}% 12
\BOOKMARK [1][-]{section.2.3}{Double Beta Decay}{chapter.2}% 13
\BOOKMARK [2][-]{subsection.2.3.1}{Status of Double Beta Decay Experiments}{section.2.3}% 14
\BOOKMARK [0][-]{chapter.3}{The SNO+ Experiment}{}% 15
\BOOKMARK [1][-]{section.3.1}{A Description of SNO+ Detector}{chapter.3}% 16
\BOOKMARK [2][-]{subsection.3.1.1}{Overview}{section.3.1}% 17
\BOOKMARK [2][-]{subsection.3.1.2}{SNO+ Physics Phases}{section.3.1}% 18
\BOOKMARK [2][-]{subsection.3.1.3}{Electronics}{section.3.1}% 19
\BOOKMARK [2][-]{subsection.3.1.4}{Optics}{section.3.1}% 20
\BOOKMARK [2][-]{subsection.3.1.5}{Liquid scintillator}{section.3.1}% 21
\BOOKMARK [2][-]{subsection.3.1.6}{Calibration}{section.3.1}% 22
\BOOKMARK [0][-]{chapter.4}{Event Reconstruction}{}% 23
\BOOKMARK [1][-]{section.4.1}{Reconstruction of the SNO+}{chapter.4}% 24
\BOOKMARK [1][-]{section.4.2}{Reconstruction Algorithms for Position, Time and Energy of Events in SNO+}{chapter.4}% 25
\BOOKMARK [1][-]{section.4.3}{An Alternative Vertex Reconstruction Algorithm for SNO+}{chapter.4}% 26
\BOOKMARK [1][-]{section.4.4}{Likelihood Calculation}{chapter.4}% 27
\BOOKMARK [1][-]{section.4.5}{[16]N test}{chapter.4}% 28
\BOOKMARK [1][-]{section.4.6}{Vertex Reconstruction for the SNO+ Partial-phase}{chapter.4}% 29
\BOOKMARK [1][-]{section.4.7}{PMT Selectors}{chapter.4}% 30
\BOOKMARK [1][-]{section.4.8}{[16]N Calibration}{chapter.4}% 31
\BOOKMARK [2][-]{subsection.4.8.1}{Water Phase Calibration}{section.4.8}% 32
\BOOKMARK [2][-]{subsection.4.8.2}{Partial-fill Phase Calibration}{section.4.8}% 33
\BOOKMARK [0][-]{chapter.5}{Partial-filled Scintillator Phase}{}% 34
\BOOKMARK [0][-]{chapter.6}{Conclusions}{}% 35
\BOOKMARK [0][-]{appendix.A}{Appendix Name}{}% 36
\BOOKMARK [0][-]{appendix*.9}{Bibliographie}{}% 37
