This is pdfTeX, Version 3.14159265-2.6-1.40.16 (TeX Live 2015/Debian) (preloaded format=pdflatex 2017.8.30)  23 JAN 2018 14:33
entering extended mode
 restricted \write18 enabled.
 %&-line parsing enabled.
**&pdflatex prv_JieHuThesis.ini \nonstopmode\nofiles\PassOptionsToPackage{active,tightpage,auctex}{preview}\AtBeginDocument{\ifx\ifPreview\undefined\RequirePackage[displaymath,floats,graphics,textmath,sections,footnotes]{preview}[2004/11/05]\fi} \input JieHuThesis.tex
(./prv_JieHuThesis.ini
LaTeX2e <2016/02/01>
Babel <3.9q> and hyphenation patterns for 81 language(s) loaded.
(/usr/share/texlive/texmf-dist/tex/latex/carlisle/mylatex.ltx) (/usr/share/texlive/texmf-dist/tex/latex/tools/.tex File ignored))
No auxiliary output files.

(./JieHuThesis.tex (./PrincetonThesis.cls
Document Class: PrincetonThesis 2002/07/01 v1.0 Princeton Univ. thesis class
(/usr/share/texlive/texmf-dist/tex/latex/base/report.cls
Document Class: report 2014/09/29 v1.4h Standard LaTeX document class
(/usr/share/texlive/texmf-dist/tex/latex/base/size11.clo
File: size11.clo 2014/09/29 v1.4h Standard LaTeX file (size option)
)
\c@part=\count79
\c@chapter=\count80
\c@section=\count81
\c@subsection=\count82
\c@subsubsection=\count83
\c@paragraph=\count84
\c@subparagraph=\count85
\c@figure=\count86
\c@table=\count87
\abovecaptionskip=\skip41
\belowcaptionskip=\skip42
\bibindent=\dimen102
)) (/usr/share/texlive/texmf-dist/tex/latex/graphics/epsfig.sty
Package: epsfig 1999/02/16 v1.7a (e)psfig emulation (SPQR)
 (/usr/share/texlive/texmf-dist/tex/latex/graphics/graphicx.sty
Package: graphicx 2014/10/28 v1.0g Enhanced LaTeX Graphics (DPC,SPQR)
 (/usr/share/texlive/texmf-dist/tex/latex/graphics/keyval.sty
Package: keyval 2014/10/28 v1.15 key=value parser (DPC)
\KV@toks@=\toks14
) (/usr/share/texlive/texmf-dist/tex/latex/graphics/graphics.sty
Package: graphics 2016/01/03 v1.0q Standard LaTeX Graphics (DPC,SPQR)
 (/usr/share/texlive/texmf-dist/tex/latex/graphics/trig.sty
Package: trig 2016/01/03 v1.10 sin cos tan (DPC)
) (/usr/share/texlive/texmf-dist/tex/latex/latexconfig/graphics.cfg
File: graphics.cfg 2010/04/23 v1.9 graphics configuration of TeX Live
)
Package graphics Info: Driver file: pdftex.def on input line 95.
 (/usr/share/texlive/texmf-dist/tex/latex/pdftex-def/pdftex.def
File: pdftex.def 2011/05/27 v0.06d Graphics/color for pdfTeX
 (/usr/share/texlive/texmf-dist/tex/generic/oberdiek/infwarerr.sty
Package: infwarerr 2010/04/08 v1.3 Providing info/warning/error messages (HO)
) (/usr/share/texlive/texmf-dist/tex/generic/oberdiek/ltxcmds.sty
Package: ltxcmds 2011/11/09 v1.22 LaTeX kernel commands for general use (HO)
)
\Gread@gobject=\count88
))
\Gin@req@height=\dimen103
\Gin@req@width=\dimen104
)
\epsfxsize=\dimen105
\epsfysize=\dimen106
)
! Undefined control sequence.
l.7 \adviser
            {Your Adviser}
The control sequence at the end of the top line
of your error message was never \def'ed. If you have
misspelled it (e.g., `\hobx'), type `I' and the correct
spelling (e.g., `I\hbox'). Otherwise just continue,
and I'll forget about whatever was undefined.


! LaTeX Error: Missing \begin{document}.

See the LaTeX manual or LaTeX Companion for explanation.
Type  H <return>  for immediate help.
 ...                                              
                                                  
l.7 \adviser{Y
              our Adviser}
You're in trouble here.  Try typing  <return>  to proceed.
If that doesn't work, type  X <return>  to quit.

LaTeX Font Info:    External font `cmex10' loaded for size
(Font)              <10.95> on input line 11.
LaTeX Font Info:    External font `cmex10' loaded for size
(Font)              <8> on input line 11.
LaTeX Font Info:    External font `cmex10' loaded for size
(Font)              <6> on input line 11.
 )
Beginning to dump on file prv_JieHuThesis.fmt
 (preloaded format=prv_JieHuThesis 2018.1.23)
7952 strings of total length 126750
67674 memory locations dumped; current usage is 269&65096
4552 multiletter control sequences
\font\nullfont=nullfont
\font\OMX/cmex/m/n/6=cmex10
\font\tenln=line10
\font\tenlnw=linew10
\font\tencirc=lcircle10
\font\tencircw=lcirclew10
\font\OT1/cmr/m/n/5=cmr5
\font\OT1/cmr/m/n/7=cmr7
\font\OT1/cmr/m/n/10=cmr10
\font\OML/cmm/m/it/5=cmmi5
\font\OML/cmm/m/it/7=cmmi7
\font\OML/cmm/m/it/10=cmmi10
\font\OMS/cmsy/m/n/5=cmsy5
\font\OMS/cmsy/m/n/7=cmsy7
\font\OMS/cmsy/m/n/10=cmsy10
\font\OT1/cmr/m/n/10.95=cmr10 at 10.95pt
\font\OT1/cmr/m/n/8=cmr8
\font\OT1/cmr/m/n/6=cmr6
\font\OML/cmm/m/it/10.95=cmmi10 at 10.95pt
\font\OML/cmm/m/it/8=cmmi8
\font\OML/cmm/m/it/6=cmmi6
\font\OMS/cmsy/m/n/10.95=cmsy10 at 10.95pt
\font\OMS/cmsy/m/n/8=cmsy8
\font\OMS/cmsy/m/n/6=cmsy6
\font\OT1/cmr/m/n/12=cmr12
\font\OT1/cmr/m/n/9=cmr9
\font\OT1/cmr/bx/n/10.95=cmbx10 at 10.95pt
\font\OT1/cmr/bx/it/10.95=cmbxti10 at 10.95pt
\font\OT1/cmr/m/it/10.95=cmti10 at 10.95pt
\font\OT1/cmtt/m/n/10.95=cmtt10 at 10.95pt
\font\OT1/cmss/m/n/10.95=cmss10 at 10.95pt
8455 words of font info for 30 preloaded fonts
1141 hyphenation exceptions
Hyphenation trie of length 336317 has 8290 ops out of 35111
  2 for language 80
  19 for language 79
  7 for language 78
  183 for language 76
  12 for language 75
  37 for language 73
  377 for language 71
  138 for language 70
  76 for language 69
  38 for language 67
  235 for language 66
  62 for language 65
  145 for language 64
  43 for language 63
  27 for language 62
  40 for language 60
  137 for language 59
  66 for language 58
  229 for language 57
  852 for language 55
  39 for language 54
  58 for language 53
  97 for language 52
  207 for language 51
  12 for language 50
  143 for language 49
  18 for language 47
  185 for language 46
  119 for language 45
  60 for language 44
  411 for language 42
  5 for language 41
  21 for language 40
  224 for language 39
  38 for language 38
  110 for language 37
  77 for language 36
  37 for language 35
  58 for language 34
  7 for language 33
  105 for language 30
  14 for language 29
  248 for language 28
  31 for language 27
  389 for language 26
  113 for language 25
  147 for language 24
  409 for language 23
  852 for language 21
  21 for language 20
  148 for language 19
  71 for language 17
  194 for language 16
  63 for language 14
  52 for language 12
  88 for language 10
  25 for language 8
  127 for language 7
  21 for language 6
  50 for language 5
  23 for language 4
  265 for language 3
  2 for language 1
  181 for language 0
0 words of pdfTeX memory
0 indirect objects
No pages of output.
PDF statistics:
 0 PDF objects out of 1000 (max. 8388607)
 0 named destinations out of 1000 (max. 500000)
 1 words of extra memory for PDF output out of 10000 (max. 10000000)

